<?xml version="1.0" encoding="UTF-8"?>
<testsuite name="com.cloudhub.baroVillage.BaroVillageApplicationTests" tests="1" skipped="0" failures="0" errors="0" timestamp="2024-12-14T05:36:20" hostname="gangjun-uui-MacBookPro.local" time="0.31">
  <properties/>
  <testcase name="contextLoads()" classname="com.cloudhub.baroVillage.BaroVillageApplicationTests" time="0.31"/>
  <system-out><![CDATA[14:36:19.161 [Test worker] INFO org.springframework.test.context.support.AnnotationConfigContextLoaderUtils -- Could not detect default configuration classes for test class [com.cloudhub.baroVillage.BaroVillageApplicationTests]: BaroVillageApplicationTests does not declare any static, non-private, non-final, nested classes annotated with @Configuration.
14:36:19.214 [Test worker] INFO org.springframework.boot.test.context.SpringBootTestContextBootstrapper -- Found @SpringBootConfiguration com.cloudhub.baroVillage.BaroVillageApplication for test class com.cloudhub.baroVillage.BaroVillageApplicationTests

  .   ____          _            __ _ _
 /\\ / ___'_ __ _ _(_)_ __  __ _ \ \ \ \
( ( )\___ | '_ | '_| | '_ \/ _` | \ \ \ \
 \\/  ___)| |_)| | | | | || (_| |  ) ) ) )
  '  |____| .__|_| |_|_| |_\__, | / / / /
 =========|_|==============|___/=/_/_/_/

 :: Spring Boot ::                (v3.4.0)

2024-12-14T14:36:19.349+09:00  INFO 33320 --- [    Test worker] c.c.b.BaroVillageApplicationTests        : Starting BaroVillageApplicationTests using Java 21.0.5 with PID 33320 (started by junwoo in /Users/junwoo/gitRepository/barovillage-be)
2024-12-14T14:36:19.349+09:00  INFO 33320 --- [    Test worker] c.c.b.BaroVillageApplicationTests        : No active profile set, falling back to 1 default profile: "default"
2024-12-14T14:36:19.552+09:00  INFO 33320 --- [    Test worker] .s.d.r.c.RepositoryConfigurationDelegate : Bootstrapping Spring Data JPA repositories in DEFAULT mode.
2024-12-14T14:36:19.559+09:00  INFO 33320 --- [    Test worker] .s.d.r.c.RepositoryConfigurationDelegate : Finished Spring Data repository scanning in 4 ms. Found 0 JPA repository interfaces.
2024-12-14T14:36:19.693+09:00  INFO 33320 --- [    Test worker] com.zaxxer.hikari.HikariDataSource       : HikariPool-1 - Starting...
2024-12-14T14:36:19.762+09:00  INFO 33320 --- [    Test worker] com.zaxxer.hikari.pool.HikariPool        : HikariPool-1 - Added connection conn0: url=jdbc:h2:mem:9eb2c556-1209-4a0e-98b1-449577141264 user=SA
2024-12-14T14:36:19.762+09:00  INFO 33320 --- [    Test worker] com.zaxxer.hikari.HikariDataSource       : HikariPool-1 - Start completed.
2024-12-14T14:36:19.786+09:00  INFO 33320 --- [    Test worker] o.hibernate.jpa.internal.util.LogHelper  : HHH000204: Processing PersistenceUnitInfo [name: default]
2024-12-14T14:36:19.807+09:00  INFO 33320 --- [    Test worker] org.hibernate.Version                    : HHH000412: Hibernate ORM core version 6.6.2.Final
2024-12-14T14:36:19.819+09:00  INFO 33320 --- [    Test worker] o.h.c.internal.RegionFactoryInitiator    : HHH000026: Second-level cache disabled
2024-12-14T14:36:19.908+09:00  INFO 33320 --- [    Test worker] o.s.o.j.p.SpringPersistenceUnitInfo      : No LoadTimeWeaver setup: ignoring JPA class transformer
2024-12-14T14:36:19.934+09:00  INFO 33320 --- [    Test worker] org.hibernate.orm.connections.pooling    : HHH10001005: Database info:
	Database JDBC URL [Connecting through datasource 'HikariDataSource (HikariPool-1)']
	Database driver: undefined/unknown
	Database version: 2.3.232
	Autocommit mode: undefined/unknown
	Isolation level: undefined/unknown
	Minimum pool size: undefined/unknown
	Maximum pool size: undefined/unknown
2024-12-14T14:36:20.044+09:00  INFO 33320 --- [    Test worker] o.h.e.t.j.p.i.JtaPlatformInitiator       : HHH000489: No JTA platform available (set 'hibernate.transaction.jta.platform' to enable JTA platform integration)
2024-12-14T14:36:20.046+09:00  INFO 33320 --- [    Test worker] j.LocalContainerEntityManagerFactoryBean : Initialized JPA EntityManagerFactory for persistence unit 'default'
2024-12-14T14:36:20.102+09:00  WARN 33320 --- [    Test worker] JpaBaseConfiguration$JpaWebConfiguration : spring.jpa.open-in-view is enabled by default. Therefore, database queries may be performed during view rendering. Explicitly configure spring.jpa.open-in-view to disable this warning
2024-12-14T14:36:20.258+09:00  INFO 33320 --- [    Test worker] c.c.b.BaroVillageApplicationTests        : Started BaroVillageApplicationTests in 0.993 seconds (process running for 1.434)
]]></system-out>
  <system-err><![CDATA[Mockito is currently self-attaching to enable the inline-mock-maker. This will no longer work in future releases of the JDK. Please add Mockito as an agent to your build what is described in Mockito's documentation: https://javadoc.io/doc/org.mockito/mockito-core/latest/org/mockito/Mockito.html#0.3
WARNING: A Java agent has been loaded dynamically (/Users/junwoo/.gradle/caches/modules-2/files-2.1/net.bytebuddy/byte-buddy-agent/1.15.10/e8eb255b2c378b9a6c7341e7b0e12f0a5636377/byte-buddy-agent-1.15.10.jar)
WARNING: If a serviceability tool is in use, please run with -XX:+EnableDynamicAgentLoading to hide this warning
WARNING: If a serviceability tool is not in use, please run with -Djdk.instrument.traceUsage for more information
WARNING: Dynamic loading of agents will be disallowed by default in a future release
]]></system-err>
</testsuite>
